<?xml version="1.0" encoding="UTF-8"?>
<!-- Generated by org.testng.reporters.JUnitReportReporter -->
<testsuite skipped="0" hostname="INFORADHAK" name="restAssuredTests.DeleteBookingTest" tests="1" failures="0" timestamp="10 Aug 2021 15:13:41 GMT" time="2.558" errors="0">
  <testcase name="deleteBooking_DELETE" time="2.558" classname="restAssuredTests.DeleteBookingTest"/>
</testsuite> <!-- restAssuredTests.DeleteBookingTest -->
