<?xml version="1.0" encoding="UTF-8"?>
<!-- Generated by org.testng.reporters.JUnitReportReporter -->
<testsuite skipped="0" hostname="INFORADHAK" name="restAssuredTests.UpdateBookingTest" tests="1" failures="0" timestamp="10 Aug 2021 15:41:58 GMT" time="3.829" errors="0">
  <testcase name="updateBooking_PUT" time="3.829" classname="restAssuredTests.UpdateBookingTest"/>
</testsuite> <!-- restAssuredTests.UpdateBookingTest -->
