<?xml version="1.0" encoding="UTF-8"?>
<!-- Generated by org.testng.reporters.JUnitReportReporter -->
<testsuite skipped="0" hostname="INFORADHAK" name="restAssuredTests.CreateBookingTest" tests="1" failures="0" timestamp="10 Aug 2021 15:19:16 GMT" time="2.757" errors="0">
  <testcase name="createBooking_Post" time="2.757" classname="restAssuredTests.CreateBookingTest"/>
</testsuite> <!-- restAssuredTests.CreateBookingTest -->
