<?xml version="1.0" encoding="UTF-8"?>
<!-- Generated by org.testng.reporters.JUnitReportReporter -->
<testsuite skipped="0" hostname="INFORADHAK" name="restAssuredTests.CreateAccessTokenTest" tests="1" failures="0" timestamp="10 Aug 2021 15:52:54 GMT" time="3.244" errors="0">
  <testcase name="getAccessToken" time="3.244" classname="restAssuredTests.CreateAccessTokenTest"/>
</testsuite> <!-- restAssuredTests.CreateAccessTokenTest -->
